

Started GET "/" for 127.0.0.1 at 2014-11-04 09:22:54 -0500
Processing by Rails::WelcomeController#index as HTML
  Rendered /Users/johnnyb/.rvm/rubies/ruby-2.1.1/lib/ruby/gems/2.1.0/gems/railties-4.1.5/lib/rails/templates/rails/welcome/index.html.erb (2.1ms)
Completed 200 OK in 52ms (Views: 31.4ms | ActiveRecord: 0.0ms)


Started GET "/rails/info/properties" for 127.0.0.1 at 2014-11-04 09:23:00 -0500
Processing by Rails::InfoController#properties as */*
  Rendered /Users/johnnyb/.rvm/rubies/ruby-2.1.1/lib/ruby/gems/2.1.0/gems/railties-4.1.5/lib/rails/templates/rails/info/properties.html.erb (0.5ms)
Completed 200 OK in 68ms (Views: 10.7ms | ActiveRecord: 1.7ms)
  [1m[36m (1.2ms)[0m  [1mCREATE TABLE "schema_migrations" ("version" varchar(255) NOT NULL) [0m
  [1m[35m (0.2ms)[0m  select sqlite_version(*)
  [1m[36m (1.5ms)[0m  [1mCREATE UNIQUE INDEX "unique_schema_migrations" ON "schema_migrations" ("version")[0m
  [1m[35mActiveRecord::SchemaMigration Load (0.1ms)[0m  SELECT "schema_migrations".* FROM "schema_migrations"
Migrating to CreateUsers (20141104155240)
  [1m[36m (0.1ms)[0m  [1mbegin transaction[0m
  [1m[35m (0.4ms)[0m  CREATE TABLE "users" ("id" INTEGER PRIMARY KEY AUTOINCREMENT NOT NULL, "username" varchar(255), "email" varchar(255), "password_digest" varchar(255), "created_at" datetime, "updated_at" datetime) 
  [1m[36mSQL (0.2ms)[0m  [1mINSERT INTO "schema_migrations" ("version") VALUES (?)[0m  [["version", "20141104155240"]]
  [1m[35m (1.2ms)[0m  commit transaction
Migrating to CreatePatients (20141104155445)
  [1m[36m (0.1ms)[0m  [1mbegin transaction[0m
  [1m[35m (0.3ms)[0m  CREATE TABLE "patients" ("id" INTEGER PRIMARY KEY AUTOINCREMENT NOT NULL, "name" varchar(255), "email" varchar(255), "phone" integer, "symptoms" text, "user_id" integer, "created_at" datetime, "updated_at" datetime) 
  [1m[36mSQL (0.1ms)[0m  [1mINSERT INTO "schema_migrations" ("version") VALUES (?)[0m  [["version", "20141104155445"]]
  [1m[35m (1.2ms)[0m  commit transaction
  [1m[36mActiveRecord::SchemaMigration Load (0.1ms)[0m  [1mSELECT "schema_migrations".* FROM "schema_migrations"[0m
